<?xml version="1.0" encoding="UTF-8"?>
<testsuite xmlns:xsi="http://www.w3.org/2001/XMLSchema-instance" xsi:noNamespaceSchemaLocation="https://maven.apache.org/surefire/maven-surefire-plugin/xsd/surefire-test-report-3.0.xsd" version="3.0" name="TestSuite" time="5.84" tests="10" errors="0" skipped="0" failures="10">
  <properties>
[...]
</properties>
  <testcase name="runScenario[&quot;Verify that Login popups open when user clicks on Login button&quot;, &quot;Signup and login popup&quot;](1)" classname="runner.Runner" time="0.364">
    <failure message="The step &apos;user click on Login button&apos; and 1 other step(s) are undefined.&#10;You can implement these steps using the snippet(s) below:&#10;&#10;@When(&quot;user click on Login button&quot;)&#10;public void user_click_on_login_button() {&#10;    // Write code here that turns the phrase above into concrete actions&#10;    throw new io.cucumber.java.PendingException();&#10;}&#10;@Then(&quot;Login popup should open&quot;)&#10;public void login_popup_should_open() {&#10;    // Write code here that turns the phrase above into concrete actions&#10;    throw new io.cucumber.java.PendingException();&#10;}&#10;" type="io.cucumber.testng.UndefinedStepException"><![CDATA[io.cucumber.testng.UndefinedStepException: 
The step 'user click on Login button' and 1 other step(s) are undefined.
You can implement these steps using the snippet(s) below:

@When("user click on Login button")
public void user_click_on_login_button() {
    // Write code here that turns the phrase above into concrete actions
    throw new io.cucumber.java.PendingException();
}
@Then("Login popup should open")
public void login_popup_should_open() {
    // Write code here that turns the phrase above into concrete actions
    throw new io.cucumber.java.PendingException();
}

]]></failure>
    <system-out><![CDATA[
Scenario: Verify that Login popups open when user clicks on Login button # src/test/resources/features/loginPopup.feature:3
  Given user is on homepage of flipkart                                  # stepDefinations.HomepageTest.user_is_on_homepage_of_flipkart()
  When user click on Login button
  Then Login popup should open
]]></system-out>
    <system-err><![CDATA[SLF4J: Failed to load class "org.slf4j.impl.StaticLoggerBinder".
SLF4J: Defaulting to no-operation (NOP) logger implementation
SLF4J: See http://www.slf4j.org/codes.html#StaticLoggerBinder for further details.
]]></system-err>
  </testcase>
  <testcase name="runScenario[&quot;Verify that Email or mobile number field is present on the Login popup&quot;, &quot;Signup and login popup&quot;](2)" classname="runner.Runner" time="0.032">
    <failure message="The step &apos;user is on Login popup&apos; and 1 other step(s) are undefined.&#10;You can implement these steps using the snippet(s) below:&#10;&#10;@Given(&quot;user is on Login popup&quot;)&#10;public void user_is_on_login_popup() {&#10;    // Write code here that turns the phrase above into concrete actions&#10;    throw new io.cucumber.java.PendingException();&#10;}&#10;@Then(&quot;Email or Mobile number field should present on the Login popup&quot;)&#10;public void email_or_mobile_number_field_should_present_on_the_login_popup() {&#10;    // Write code here that turns the phrase above into concrete actions&#10;    throw new io.cucumber.java.PendingException();&#10;}&#10;" type="io.cucumber.testng.UndefinedStepException"><![CDATA[io.cucumber.testng.UndefinedStepException: 
The step 'user is on Login popup' and 1 other step(s) are undefined.
You can implement these steps using the snippet(s) below:

@Given("user is on Login popup")
public void user_is_on_login_popup() {
    // Write code here that turns the phrase above into concrete actions
    throw new io.cucumber.java.PendingException();
}
@Then("Email or Mobile number field should present on the Login popup")
public void email_or_mobile_number_field_should_present_on_the_login_popup() {
    // Write code here that turns the phrase above into concrete actions
    throw new io.cucumber.java.PendingException();
}

]]></failure>
    <system-out><![CDATA[
Scenario: Verify that Email or mobile number field is present on the Login popup # src/test/resources/features/loginPopup.feature:8
  Given user is on Login popup
  Then Email or Mobile number field should present on the Login popup
]]></system-out>
  </testcase>
  <testcase name="runScenario[&quot;Verify that Request OTP button is enabled on the Login popup&quot;, &quot;Signup and login popup&quot;](3)" classname="runner.Runner" time="0.038">
    <failure message="The step &apos;user is on Login popup&apos; and 1 other step(s) are undefined.&#10;You can implement these steps using the snippet(s) below:&#10;&#10;@Given(&quot;user is on Login popup&quot;)&#10;public void user_is_on_login_popup() {&#10;    // Write code here that turns the phrase above into concrete actions&#10;    throw new io.cucumber.java.PendingException();&#10;}&#10;@Then(&quot;Request OTP button should be enabled&quot;)&#10;public void request_otp_button_should_be_enabled() {&#10;    // Write code here that turns the phrase above into concrete actions&#10;    throw new io.cucumber.java.PendingException();&#10;}&#10;" type="io.cucumber.testng.UndefinedStepException"><![CDATA[io.cucumber.testng.UndefinedStepException: 
The step 'user is on Login popup' and 1 other step(s) are undefined.
You can implement these steps using the snippet(s) below:

@Given("user is on Login popup")
public void user_is_on_login_popup() {
    // Write code here that turns the phrase above into concrete actions
    throw new io.cucumber.java.PendingException();
}
@Then("Request OTP button should be enabled")
public void request_otp_button_should_be_enabled() {
    // Write code here that turns the phrase above into concrete actions
    throw new io.cucumber.java.PendingException();
}

]]></failure>
    <system-out><![CDATA[
Scenario: Verify that Request OTP button is enabled on the Login popup # src/test/resources/features/loginPopup.feature:12
  Given user is on Login popup
  Then Request OTP button should be enabled
]]></system-out>
  </testcase>
  <testcase name="runScenario[&quot;Verify that Terms of Use and Privacy Policy links are present on the Login popup&quot;, &quot;Signup and login popup&quot;](4)" classname="runner.Runner" time="0.028">
    <failure message="The step &apos;user is on Login popup&apos; and 1 other step(s) are undefined.&#10;You can implement these steps using the snippet(s) below:&#10;&#10;@Given(&quot;user is on Login popup&quot;)&#10;public void user_is_on_login_popup() {&#10;    // Write code here that turns the phrase above into concrete actions&#10;    throw new io.cucumber.java.PendingException();&#10;}&#10;@Then(&quot;Terms of Use and Privacy Policy links should present on the Login popup&quot;)&#10;public void terms_of_use_and_privacy_policy_links_should_present_on_the_login_popup() {&#10;    // Write code here that turns the phrase above into concrete actions&#10;    throw new io.cucumber.java.PendingException();&#10;}&#10;" type="io.cucumber.testng.UndefinedStepException"><![CDATA[io.cucumber.testng.UndefinedStepException: 
The step 'user is on Login popup' and 1 other step(s) are undefined.
You can implement these steps using the snippet(s) below:

@Given("user is on Login popup")
public void user_is_on_login_popup() {
    // Write code here that turns the phrase above into concrete actions
    throw new io.cucumber.java.PendingException();
}
@Then("Terms of Use and Privacy Policy links should present on the Login popup")
public void terms_of_use_and_privacy_policy_links_should_present_on_the_login_popup() {
    // Write code here that turns the phrase above into concrete actions
    throw new io.cucumber.java.PendingException();
}

]]></failure>
    <system-out><![CDATA[
Scenario: Verify that Terms of Use and Privacy Policy links are present on the Login popup # src/test/resources/features/loginPopup.feature:16
  Given user is on Login popup
  Then Terms of Use and Privacy Policy links should present on the Login popup
]]></system-out>
  </testcase>
  <testcase name="runScenario[&quot;Verify that Terms of Use page opened when user clicks on the Terms of Use link&quot;, &quot;Signup and login popup&quot;](5)" classname="runner.Runner" time="0.022">
    <failure message="The step &apos;user is on Login popup&apos; and 2 other step(s) are undefined.&#10;You can implement these steps using the snippet(s) below:&#10;&#10;@Given(&quot;user is on Login popup&quot;)&#10;public void user_is_on_login_popup() {&#10;    // Write code here that turns the phrase above into concrete actions&#10;    throw new io.cucumber.java.PendingException();&#10;}&#10;@When(&quot;user click on Terms of Use link&quot;)&#10;public void user_click_on_terms_of_use_link() {&#10;    // Write code here that turns the phrase above into concrete actions&#10;    throw new io.cucumber.java.PendingException();&#10;}&#10;@Then(&quot;Terms page should open&quot;)&#10;public void terms_page_should_open() {&#10;    // Write code here that turns the phrase above into concrete actions&#10;    throw new io.cucumber.java.PendingException();&#10;}&#10;" type="io.cucumber.testng.UndefinedStepException"><![CDATA[io.cucumber.testng.UndefinedStepException: 
The step 'user is on Login popup' and 2 other step(s) are undefined.
You can implement these steps using the snippet(s) below:

@Given("user is on Login popup")
public void user_is_on_login_popup() {
    // Write code here that turns the phrase above into concrete actions
    throw new io.cucumber.java.PendingException();
}
@When("user click on Terms of Use link")
public void user_click_on_terms_of_use_link() {
    // Write code here that turns the phrase above into concrete actions
    throw new io.cucumber.java.PendingException();
}
@Then("Terms page should open")
public void terms_page_should_open() {
    // Write code here that turns the phrase above into concrete actions
    throw new io.cucumber.java.PendingException();
}

]]></failure>
    <system-out><![CDATA[
Scenario: Verify that Terms of Use page opened when user clicks on the Terms of Use link # src/test/resources/features/loginPopup.feature:20
  Given user is on Login popup
  When user click on Terms of Use link
  Then Terms page should open
]]></system-out>
  </testcase>
  <testcase name="runScenario[&quot;Verify that Privacy Policy page opened when user clicks on the Privacy Policy link&quot;, &quot;Signup and login popup&quot;](6)" classname="runner.Runner" time="0.034">
    <failure message="The step &apos;user is on Login popup&apos; and 2 other step(s) are undefined.&#10;You can implement these steps using the snippet(s) below:&#10;&#10;@Given(&quot;user is on Login popup&quot;)&#10;public void user_is_on_login_popup() {&#10;    // Write code here that turns the phrase above into concrete actions&#10;    throw new io.cucumber.java.PendingException();&#10;}&#10;@When(&quot;user click on Privacy Policy link&quot;)&#10;public void user_click_on_privacy_policy_link() {&#10;    // Write code here that turns the phrase above into concrete actions&#10;    throw new io.cucumber.java.PendingException();&#10;}&#10;@Then(&quot;Privacy Policy page should open&quot;)&#10;public void privacy_policy_page_should_open() {&#10;    // Write code here that turns the phrase above into concrete actions&#10;    throw new io.cucumber.java.PendingException();&#10;}&#10;" type="io.cucumber.testng.UndefinedStepException"><![CDATA[io.cucumber.testng.UndefinedStepException: 
The step 'user is on Login popup' and 2 other step(s) are undefined.
You can implement these steps using the snippet(s) below:

@Given("user is on Login popup")
public void user_is_on_login_popup() {
    // Write code here that turns the phrase above into concrete actions
    throw new io.cucumber.java.PendingException();
}
@When("user click on Privacy Policy link")
public void user_click_on_privacy_policy_link() {
    // Write code here that turns the phrase above into concrete actions
    throw new io.cucumber.java.PendingException();
}
@Then("Privacy Policy page should open")
public void privacy_policy_page_should_open() {
    // Write code here that turns the phrase above into concrete actions
    throw new io.cucumber.java.PendingException();
}

]]></failure>
    <system-out><![CDATA[
Scenario: Verify that Privacy Policy page opened when user clicks on the Privacy Policy link # src/test/resources/features/loginPopup.feature:25
  Given user is on Login popup
  When user click on Privacy Policy link
  Then Privacy Policy page should open
]]></system-out>
  </testcase>
  <testcase name="runScenario[&quot;Verify that error displayed when user enters eleven digit mobile number&quot;, &quot;Signup and login popup&quot;](7)" classname="runner.Runner" time="0.08">
    <failure message="The step &apos;user is on Login popup&apos; and 3 other step(s) are undefined.&#10;You can implement these steps using the snippet(s) below:&#10;&#10;@Given(&quot;user is on Login popup&quot;)&#10;public void user_is_on_login_popup() {&#10;    // Write code here that turns the phrase above into concrete actions&#10;    throw new io.cucumber.java.PendingException();&#10;}&#10;@Given(&quot;enters {int} digit mobile number&quot;)&#10;public void enters_digit_mobile_number(Integer int1) {&#10;    // Write code here that turns the phrase above into concrete actions&#10;    throw new io.cucumber.java.PendingException();&#10;}&#10;@Given(&quot;click on Request OTP button&quot;)&#10;public void click_on_request_otp_button() {&#10;    // Write code here that turns the phrase above into concrete actions&#10;    throw new io.cucumber.java.PendingException();&#10;}&#10;@Then(&quot;error should display&quot;)&#10;public void error_should_display() {&#10;    // Write code here that turns the phrase above into concrete actions&#10;    throw new io.cucumber.java.PendingException();&#10;}&#10;" type="io.cucumber.testng.UndefinedStepException"><![CDATA[io.cucumber.testng.UndefinedStepException: 
The step 'user is on Login popup' and 3 other step(s) are undefined.
You can implement these steps using the snippet(s) below:

@Given("user is on Login popup")
public void user_is_on_login_popup() {
    // Write code here that turns the phrase above into concrete actions
    throw new io.cucumber.java.PendingException();
}
@Given("enters {int} digit mobile number")
public void enters_digit_mobile_number(Integer int1) {
    // Write code here that turns the phrase above into concrete actions
    throw new io.cucumber.java.PendingException();
}
@Given("click on Request OTP button")
public void click_on_request_otp_button() {
    // Write code here that turns the phrase above into concrete actions
    throw new io.cucumber.java.PendingException();
}
@Then("error should display")
public void error_should_display() {
    // Write code here that turns the phrase above into concrete actions
    throw new io.cucumber.java.PendingException();
}

]]></failure>
    <system-out><![CDATA[
Scenario: Verify that error displayed when user enters eleven digit mobile number # src/test/resources/features/loginPopup.feature:31
  Given user is on Login popup
  And enters 11111111111 digit mobile number
  And click on Request OTP button
  Then error should display
]]></system-out>
  </testcase>
  <testcase name="runScenario[&quot;Verify that Sign Up interface opens when user clicks on New to Flipkart button&quot;, &quot;Signup and login popup&quot;](8)" classname="runner.Runner" time="0.033">
    <failure message="The step &apos;user is on Login popup&apos; and 4 other step(s) are undefined.&#10;You can implement these steps using the snippet(s) below:&#10;&#10;@Given(&quot;user is on Login popup&quot;)&#10;public void user_is_on_login_popup() {&#10;    // Write code here that turns the phrase above into concrete actions&#10;    throw new io.cucumber.java.PendingException();&#10;}&#10;@When(&quot;user clicks on New to Flipkart button&quot;)&#10;public void user_clicks_on_new_to_flipkart_button() {&#10;    // Write code here that turns the phrase above into concrete actions&#10;    throw new io.cucumber.java.PendingException();&#10;}&#10;@Then(&quot;Sign Up interface should open&quot;)&#10;public void sign_up_interface_should_open() {&#10;    // Write code here that turns the phrase above into concrete actions&#10;    throw new io.cucumber.java.PendingException();&#10;}&#10;@Then(&quot;Continue button should displayed&quot;)&#10;public void continue_button_should_displayed() {&#10;    // Write code here that turns the phrase above into concrete actions&#10;    throw new io.cucumber.java.PendingException();&#10;}&#10;@Then(&quot;Existing User Log in button should displayed&quot;)&#10;public void existing_user_log_in_button_should_displayed() {&#10;    // Write code here that turns the phrase above into concrete actions&#10;    throw new io.cucumber.java.PendingException();&#10;}&#10;" type="io.cucumber.testng.UndefinedStepException"><![CDATA[io.cucumber.testng.UndefinedStepException: 
The step 'user is on Login popup' and 4 other step(s) are undefined.
You can implement these steps using the snippet(s) below:

@Given("user is on Login popup")
public void user_is_on_login_popup() {
    // Write code here that turns the phrase above into concrete actions
    throw new io.cucumber.java.PendingException();
}
@When("user clicks on New to Flipkart button")
public void user_clicks_on_new_to_flipkart_button() {
    // Write code here that turns the phrase above into concrete actions
    throw new io.cucumber.java.PendingException();
}
@Then("Sign Up interface should open")
public void sign_up_interface_should_open() {
    // Write code here that turns the phrase above into concrete actions
    throw new io.cucumber.java.PendingException();
}
@Then("Continue button should displayed")
public void continue_button_should_displayed() {
    // Write code here that turns the phrase above into concrete actions
    throw new io.cucumber.java.PendingException();
}
@Then("Existing User Log in button should displayed")
public void existing_user_log_in_button_should_displayed() {
    // Write code here that turns the phrase above into concrete actions
    throw new io.cucumber.java.PendingException();
}

]]></failure>
    <system-out><![CDATA[
Scenario: Verify that Sign Up interface opens when user clicks on New to Flipkart button # src/test/resources/features/loginPopup.feature:38
  Given user is on Login popup
  When user clicks on New to Flipkart button
  Then Sign Up interface should open
  And Continue button should displayed
  And Existing User Log in button should displayed
]]></system-out>
  </testcase>
  <testcase name="runScenario[&quot;Verify that verification OTP sent toast displayed when user Request OTP&quot;, &quot;Signup and login popup&quot;](9)" classname="runner.Runner" time="0.019">
    <failure message="The step &apos;user is on Login popup&apos; and 4 other step(s) are undefined.&#10;You can implement these steps using the snippet(s) below:&#10;&#10;@Given(&quot;user is on Login popup&quot;)&#10;public void user_is_on_login_popup() {&#10;    // Write code here that turns the phrase above into concrete actions&#10;    throw new io.cucumber.java.PendingException();&#10;}&#10;@When(&quot;user enters already existing number&quot;)&#10;public void user_enters_already_existing_number() {&#10;    // Write code here that turns the phrase above into concrete actions&#10;    throw new io.cucumber.java.PendingException();&#10;}&#10;@When(&quot;Request OTP&quot;)&#10;public void request_otp() {&#10;    // Write code here that turns the phrase above into concrete actions&#10;    throw new io.cucumber.java.PendingException();&#10;}&#10;@Then(&quot;verification OTP sent toast should displayed&quot;)&#10;public void verification_otp_sent_toast_should_displayed() {&#10;    // Write code here that turns the phrase above into concrete actions&#10;    throw new io.cucumber.java.PendingException();&#10;}&#10;@Then(&quot;Enter OTP field should display&quot;)&#10;public void enter_otp_field_should_display() {&#10;    // Write code here that turns the phrase above into concrete actions&#10;    throw new io.cucumber.java.PendingException();&#10;}&#10;" type="io.cucumber.testng.UndefinedStepException"><![CDATA[io.cucumber.testng.UndefinedStepException: 
The step 'user is on Login popup' and 4 other step(s) are undefined.
You can implement these steps using the snippet(s) below:

@Given("user is on Login popup")
public void user_is_on_login_popup() {
    // Write code here that turns the phrase above into concrete actions
    throw new io.cucumber.java.PendingException();
}
@When("user enters already existing number")
public void user_enters_already_existing_number() {
    // Write code here that turns the phrase above into concrete actions
    throw new io.cucumber.java.PendingException();
}
@When("Request OTP")
public void request_otp() {
    // Write code here that turns the phrase above into concrete actions
    throw new io.cucumber.java.PendingException();
}
@Then("verification OTP sent toast should displayed")
public void verification_otp_sent_toast_should_displayed() {
    // Write code here that turns the phrase above into concrete actions
    throw new io.cucumber.java.PendingException();
}
@Then("Enter OTP field should display")
public void enter_otp_field_should_display() {
    // Write code here that turns the phrase above into concrete actions
    throw new io.cucumber.java.PendingException();
}

]]></failure>
    <system-out><![CDATA[
Scenario: Verify that verification OTP sent toast displayed when user Request OTP # src/test/resources/features/loginPopup.feature:45
  Given user is on Login popup
  When user enters already existing number
  And Request OTP
  Then verification OTP sent toast should displayed
  And Enter OTP field should display
]]></system-out>
  </testcase>
  <testcase name="runScenario[&quot;Verify that Login popup closed when user clicks on X icon&quot;, &quot;Signup and login popup&quot;](10)" classname="runner.Runner" time="0.034">
    <failure message="The step &apos;user is on Login popup&apos; and 2 other step(s) are undefined.&#10;You can implement these steps using the snippet(s) below:&#10;&#10;@Given(&quot;user is on Login popup&quot;)&#10;public void user_is_on_login_popup() {&#10;    // Write code here that turns the phrase above into concrete actions&#10;    throw new io.cucumber.java.PendingException();&#10;}&#10;@When(&quot;user clicks on X icon&quot;)&#10;public void user_clicks_on_x_icon() {&#10;    // Write code here that turns the phrase above into concrete actions&#10;    throw new io.cucumber.java.PendingException();&#10;}&#10;@Then(&quot;Login popup should closed&quot;)&#10;public void login_popup_should_closed() {&#10;    // Write code here that turns the phrase above into concrete actions&#10;    throw new io.cucumber.java.PendingException();&#10;}&#10;" type="io.cucumber.testng.UndefinedStepException"><![CDATA[io.cucumber.testng.UndefinedStepException: 
The step 'user is on Login popup' and 2 other step(s) are undefined.
You can implement these steps using the snippet(s) below:

@Given("user is on Login popup")
public void user_is_on_login_popup() {
    // Write code here that turns the phrase above into concrete actions
    throw new io.cucumber.java.PendingException();
}
@When("user clicks on X icon")
public void user_clicks_on_x_icon() {
    // Write code here that turns the phrase above into concrete actions
    throw new io.cucumber.java.PendingException();
}
@Then("Login popup should closed")
public void login_popup_should_closed() {
    // Write code here that turns the phrase above into concrete actions
    throw new io.cucumber.java.PendingException();
}

]]></failure>
    <system-out><![CDATA[
Scenario: Verify that Login popup closed when user clicks on X icon # src/test/resources/features/loginPopup.feature:52
  Given user is on Login popup
  When user clicks on X icon
  Then Login popup should closed
]]></system-out>
  </testcase>
</testsuite>