-------------------------------------------------------------------------------
Test set: TestSuite
-------------------------------------------------------------------------------
Tests run: 10, Failures: 10, Errors: 0, Skipped: 0, Time elapsed: 5.84 s <<< FAILURE! - in TestSuite
runner.Runner.runScenario["Verify that Login popups open when user clicks on Login button", "Signup and login popup"](1)  Time elapsed: 0.364 s  <<< FAILURE!
io.cucumber.testng.UndefinedStepException: 
The step 'user click on Login button' and 1 other step(s) are undefined.
You can implement these steps using the snippet(s) below:

@When("user click on Login button")
public void user_click_on_login_button() {
    // Write code here that turns the phrase above into concrete actions
    throw new io.cucumber.java.PendingException();
}
@Then("Login popup should open")
public void login_popup_should_open() {
    // Write code here that turns the phrase above into concrete actions
    throw new io.cucumber.java.PendingException();
}


runner.Runner.runScenario["Verify that Email or mobile number field is present on the Login popup", "Signup and login popup"](2)  Time elapsed: 0.032 s  <<< FAILURE!
io.cucumber.testng.UndefinedStepException: 
The step 'user is on Login popup' and 1 other step(s) are undefined.
You can implement these steps using the snippet(s) below:

@Given("user is on Login popup")
public void user_is_on_login_popup() {
    // Write code here that turns the phrase above into concrete actions
    throw new io.cucumber.java.PendingException();
}
@Then("Email or Mobile number field should present on the Login popup")
public void email_or_mobile_number_field_should_present_on_the_login_popup() {
    // Write code here that turns the phrase above into concrete actions
    throw new io.cucumber.java.PendingException();
}


runner.Runner.runScenario["Verify that Request OTP button is enabled on the Login popup", "Signup and login popup"](3)  Time elapsed: 0.038 s  <<< FAILURE!
io.cucumber.testng.UndefinedStepException: 
The step 'user is on Login popup' and 1 other step(s) are undefined.
You can implement these steps using the snippet(s) below:

@Given("user is on Login popup")
public void user_is_on_login_popup() {
    // Write code here that turns the phrase above into concrete actions
    throw new io.cucumber.java.PendingException();
}
@Then("Request OTP button should be enabled")
public void request_otp_button_should_be_enabled() {
    // Write code here that turns the phrase above into concrete actions
    throw new io.cucumber.java.PendingException();
}


runner.Runner.runScenario["Verify that Terms of Use and Privacy Policy links are present on the Login popup", "Signup and login popup"](4)  Time elapsed: 0.028 s  <<< FAILURE!
io.cucumber.testng.UndefinedStepException: 
The step 'user is on Login popup' and 1 other step(s) are undefined.
You can implement these steps using the snippet(s) below:

@Given("user is on Login popup")
public void user_is_on_login_popup() {
    // Write code here that turns the phrase above into concrete actions
    throw new io.cucumber.java.PendingException();
}
@Then("Terms of Use and Privacy Policy links should present on the Login popup")
public void terms_of_use_and_privacy_policy_links_should_present_on_the_login_popup() {
    // Write code here that turns the phrase above into concrete actions
    throw new io.cucumber.java.PendingException();
}


runner.Runner.runScenario["Verify that Terms of Use page opened when user clicks on the Terms of Use link", "Signup and login popup"](5)  Time elapsed: 0.022 s  <<< FAILURE!
io.cucumber.testng.UndefinedStepException: 
The step 'user is on Login popup' and 2 other step(s) are undefined.
You can implement these steps using the snippet(s) below:

@Given("user is on Login popup")
public void user_is_on_login_popup() {
    // Write code here that turns the phrase above into concrete actions
    throw new io.cucumber.java.PendingException();
}
@When("user click on Terms of Use link")
public void user_click_on_terms_of_use_link() {
    // Write code here that turns the phrase above into concrete actions
    throw new io.cucumber.java.PendingException();
}
@Then("Terms page should open")
public void terms_page_should_open() {
    // Write code here that turns the phrase above into concrete actions
    throw new io.cucumber.java.PendingException();
}


runner.Runner.runScenario["Verify that Privacy Policy page opened when user clicks on the Privacy Policy link", "Signup and login popup"](6)  Time elapsed: 0.034 s  <<< FAILURE!
io.cucumber.testng.UndefinedStepException: 
The step 'user is on Login popup' and 2 other step(s) are undefined.
You can implement these steps using the snippet(s) below:

@Given("user is on Login popup")
public void user_is_on_login_popup() {
    // Write code here that turns the phrase above into concrete actions
    throw new io.cucumber.java.PendingException();
}
@When("user click on Privacy Policy link")
public void user_click_on_privacy_policy_link() {
    // Write code here that turns the phrase above into concrete actions
    throw new io.cucumber.java.PendingException();
}
@Then("Privacy Policy page should open")
public void privacy_policy_page_should_open() {
    // Write code here that turns the phrase above into concrete actions
    throw new io.cucumber.java.PendingException();
}


runner.Runner.runScenario["Verify that error displayed when user enters eleven digit mobile number", "Signup and login popup"](7)  Time elapsed: 0.08 s  <<< FAILURE!
io.cucumber.testng.UndefinedStepException: 
The step 'user is on Login popup' and 3 other step(s) are undefined.
You can implement these steps using the snippet(s) below:

@Given("user is on Login popup")
public void user_is_on_login_popup() {
    // Write code here that turns the phrase above into concrete actions
    throw new io.cucumber.java.PendingException();
}
@Given("enters {int} digit mobile number")
public void enters_digit_mobile_number(Integer int1) {
    // Write code here that turns the phrase above into concrete actions
    throw new io.cucumber.java.PendingException();
}
@Given("click on Request OTP button")
public void click_on_request_otp_button() {
    // Write code here that turns the phrase above into concrete actions
    throw new io.cucumber.java.PendingException();
}
@Then("error should display")
public void error_should_display() {
    // Write code here that turns the phrase above into concrete actions
    throw new io.cucumber.java.PendingException();
}


runner.Runner.runScenario["Verify that Sign Up interface opens when user clicks on New to Flipkart button", "Signup and login popup"](8)  Time elapsed: 0.033 s  <<< FAILURE!
io.cucumber.testng.UndefinedStepException: 
The step 'user is on Login popup' and 4 other step(s) are undefined.
You can implement these steps using the snippet(s) below:

@Given("user is on Login popup")
public void user_is_on_login_popup() {
    // Write code here that turns the phrase above into concrete actions
    throw new io.cucumber.java.PendingException();
}
@When("user clicks on New to Flipkart button")
public void user_clicks_on_new_to_flipkart_button() {
    // Write code here that turns the phrase above into concrete actions
    throw new io.cucumber.java.PendingException();
}
@Then("Sign Up interface should open")
public void sign_up_interface_should_open() {
    // Write code here that turns the phrase above into concrete actions
    throw new io.cucumber.java.PendingException();
}
@Then("Continue button should displayed")
public void continue_button_should_displayed() {
    // Write code here that turns the phrase above into concrete actions
    throw new io.cucumber.java.PendingException();
}
@Then("Existing User Log in button should displayed")
public void existing_user_log_in_button_should_displayed() {
    // Write code here that turns the phrase above into concrete actions
    throw new io.cucumber.java.PendingException();
}


runner.Runner.runScenario["Verify that verification OTP sent toast displayed when user Request OTP", "Signup and login popup"](9)  Time elapsed: 0.019 s  <<< FAILURE!
io.cucumber.testng.UndefinedStepException: 
The step 'user is on Login popup' and 4 other step(s) are undefined.
You can implement these steps using the snippet(s) below:

@Given("user is on Login popup")
public void user_is_on_login_popup() {
    // Write code here that turns the phrase above into concrete actions
    throw new io.cucumber.java.PendingException();
}
@When("user enters already existing number")
public void user_enters_already_existing_number() {
    // Write code here that turns the phrase above into concrete actions
    throw new io.cucumber.java.PendingException();
}
@When("Request OTP")
public void request_otp() {
    // Write code here that turns the phrase above into concrete actions
    throw new io.cucumber.java.PendingException();
}
@Then("verification OTP sent toast should displayed")
public void verification_otp_sent_toast_should_displayed() {
    // Write code here that turns the phrase above into concrete actions
    throw new io.cucumber.java.PendingException();
}
@Then("Enter OTP field should display")
public void enter_otp_field_should_display() {
    // Write code here that turns the phrase above into concrete actions
    throw new io.cucumber.java.PendingException();
}


runner.Runner.runScenario["Verify that Login popup closed when user clicks on X icon", "Signup and login popup"](10)  Time elapsed: 0.034 s  <<< FAILURE!
io.cucumber.testng.UndefinedStepException: 
The step 'user is on Login popup' and 2 other step(s) are undefined.
You can implement these steps using the snippet(s) below:

@Given("user is on Login popup")
public void user_is_on_login_popup() {
    // Write code here that turns the phrase above into concrete actions
    throw new io.cucumber.java.PendingException();
}
@When("user clicks on X icon")
public void user_clicks_on_x_icon() {
    // Write code here that turns the phrase above into concrete actions
    throw new io.cucumber.java.PendingException();
}
@Then("Login popup should closed")
public void login_popup_should_closed() {
    // Write code here that turns the phrase above into concrete actions
    throw new io.cucumber.java.PendingException();
}


