<?xml version="1.0" encoding="UTF-8"?>
<testng-results ignored="0" total="8" passed="8" failed="0" skipped="0">
  <reporter-output>
  </reporter-output>
  <suite started-at="2025-04-19T20:46:33 IST" name="Suite" finished-at="2025-04-19T20:47:32 IST" duration-ms="59692">
    <groups>
      <group name="cucumber">
        <method signature="AbstractTestNGCucumberTests.runScenario(io.cucumber.testng.PickleWrapper,io.cucumber.testng.FeatureWrapper)[pri:0, instance:runner.Runner@9f116cc]" name="runScenario" class="io.cucumber.testng.AbstractTestNGCucumberTests"/>
      </group> <!-- cucumber -->
    </groups>
    <test started-at="2025-04-19T20:46:33 IST" name="Test" finished-at="2025-04-19T20:47:32 IST" duration-ms="59692">
      <class name="runner.Runner">
        <test-method is-config="true" signature="setUpClass(org.testng.ITestContext)[pri:0, instance:runner.Runner@9f116cc]" started-at="2025-04-19T20:46:33 IST" name="setUpClass" finished-at="2025-04-19T20:46:34 IST" duration-ms="880" status="PASS">
          <params>
            <param index="0">
              <value>
                <![CDATA[org.testng.TestRunner@4e4162bc]]>
              </value>
            </param>
          </params>
          <reporter-output>
          </reporter-output>
        </test-method> <!-- setUpClass -->
        <test-method signature="runScenario(io.cucumber.testng.PickleWrapper,io.cucumber.testng.FeatureWrapper)[pri:0, instance:runner.Runner@9f116cc]" started-at="2025-04-19T20:46:34 IST" name="runScenario" description="Runs Cucumber Scenarios" data-provider="scenarios" finished-at="2025-04-19T20:46:39 IST" duration-ms="5350" status="PASS">
          <params>
            <param index="0">
              <value>
                <![CDATA["Verify that Login pages open when user clicks on Login button"]]>
              </value>
            </param>
            <param index="1">
              <value>
                <![CDATA["Signup and login page"]]>
              </value>
            </param>
          </params>
          <reporter-output>
          </reporter-output>
        </test-method> <!-- runScenario -->
        <test-method signature="runScenario(io.cucumber.testng.PickleWrapper,io.cucumber.testng.FeatureWrapper)[pri:0, instance:runner.Runner@9f116cc]" started-at="2025-04-19T20:46:39 IST" name="runScenario" description="Runs Cucumber Scenarios" data-provider="scenarios" finished-at="2025-04-19T20:46:48 IST" duration-ms="8897" status="PASS">
          <params>
            <param index="0">
              <value>
                <![CDATA["Verify that Email or mobile number field is present on the Login page"]]>
              </value>
            </param>
            <param index="1">
              <value>
                <![CDATA["Signup and login page"]]>
              </value>
            </param>
          </params>
          <reporter-output>
          </reporter-output>
        </test-method> <!-- runScenario -->
        <test-method signature="runScenario(io.cucumber.testng.PickleWrapper,io.cucumber.testng.FeatureWrapper)[pri:0, instance:runner.Runner@9f116cc]" started-at="2025-04-19T20:46:48 IST" name="runScenario" description="Runs Cucumber Scenarios" data-provider="scenarios" finished-at="2025-04-19T20:46:52 IST" duration-ms="3902" status="PASS">
          <params>
            <param index="0">
              <value>
                <![CDATA["Verify that Request OTP button is enabled on the Login page"]]>
              </value>
            </param>
            <param index="1">
              <value>
                <![CDATA["Signup and login page"]]>
              </value>
            </param>
          </params>
          <reporter-output>
          </reporter-output>
        </test-method> <!-- runScenario -->
        <test-method signature="runScenario(io.cucumber.testng.PickleWrapper,io.cucumber.testng.FeatureWrapper)[pri:0, instance:runner.Runner@9f116cc]" started-at="2025-04-19T20:46:52 IST" name="runScenario" description="Runs Cucumber Scenarios" data-provider="scenarios" finished-at="2025-04-19T20:46:58 IST" duration-ms="5989" status="PASS">
          <params>
            <param index="0">
              <value>
                <![CDATA["Verify that Terms of Use and Privacy Policy links are present on the Login page"]]>
              </value>
            </param>
            <param index="1">
              <value>
                <![CDATA["Signup and login page"]]>
              </value>
            </param>
          </params>
          <reporter-output>
          </reporter-output>
        </test-method> <!-- runScenario -->
        <test-method signature="runScenario(io.cucumber.testng.PickleWrapper,io.cucumber.testng.FeatureWrapper)[pri:0, instance:runner.Runner@9f116cc]" started-at="2025-04-19T20:46:58 IST" name="runScenario" description="Runs Cucumber Scenarios" data-provider="scenarios" finished-at="2025-04-19T20:47:07 IST" duration-ms="9057" status="PASS">
          <params>
            <param index="0">
              <value>
                <![CDATA["Verify that Terms of Use page opened when user clicks on the Terms of Use link"]]>
              </value>
            </param>
            <param index="1">
              <value>
                <![CDATA["Signup and login page"]]>
              </value>
            </param>
          </params>
          <reporter-output>
          </reporter-output>
        </test-method> <!-- runScenario -->
        <test-method signature="runScenario(io.cucumber.testng.PickleWrapper,io.cucumber.testng.FeatureWrapper)[pri:0, instance:runner.Runner@9f116cc]" started-at="2025-04-19T20:47:07 IST" name="runScenario" description="Runs Cucumber Scenarios" data-provider="scenarios" finished-at="2025-04-19T20:47:16 IST" duration-ms="8850" status="PASS">
          <params>
            <param index="0">
              <value>
                <![CDATA["Verify that Privacy Policy page opened when user clicks on the Privacy Policy link"]]>
              </value>
            </param>
            <param index="1">
              <value>
                <![CDATA["Signup and login page"]]>
              </value>
            </param>
          </params>
          <reporter-output>
          </reporter-output>
        </test-method> <!-- runScenario -->
        <test-method signature="runScenario(io.cucumber.testng.PickleWrapper,io.cucumber.testng.FeatureWrapper)[pri:0, instance:runner.Runner@9f116cc]" started-at="2025-04-19T20:47:16 IST" name="runScenario" description="Runs Cucumber Scenarios" data-provider="scenarios" finished-at="2025-04-19T20:47:24 IST" duration-ms="8024" status="PASS">
          <params>
            <param index="0">
              <value>
                <![CDATA["Verify that error displayed when user enters eleven digit mobile number"]]>
              </value>
            </param>
            <param index="1">
              <value>
                <![CDATA["Signup and login page"]]>
              </value>
            </param>
          </params>
          <reporter-output>
          </reporter-output>
        </test-method> <!-- runScenario -->
        <test-method signature="runScenario(io.cucumber.testng.PickleWrapper,io.cucumber.testng.FeatureWrapper)[pri:0, instance:runner.Runner@9f116cc]" started-at="2025-04-19T20:47:24 IST" name="runScenario" description="Runs Cucumber Scenarios" data-provider="scenarios" finished-at="2025-04-19T20:47:31 IST" duration-ms="6930" status="PASS">
          <params>
            <param index="0">
              <value>
                <![CDATA["Verify that Sign Up interface opens when user clicks on New to Flipkart button"]]>
              </value>
            </param>
            <param index="1">
              <value>
                <![CDATA["Signup and login page"]]>
              </value>
            </param>
          </params>
          <reporter-output>
          </reporter-output>
        </test-method> <!-- runScenario -->
        <test-method is-config="true" signature="tearDownClass()[pri:0, instance:runner.Runner@9f116cc]" started-at="2025-04-19T20:47:31 IST" name="tearDownClass" finished-at="2025-04-19T20:47:32 IST" duration-ms="1750" status="PASS">
          <reporter-output>
          </reporter-output>
        </test-method> <!-- tearDownClass -->
      </class> <!-- runner.Runner -->
    </test> <!-- Test -->
  </suite> <!-- Suite -->
</testng-results>
