<?xml version="1.0" encoding="UTF-8"?>
<testng-results ignored="0" total="11" passed="11" failed="0" skipped="0">
  <reporter-output>
  </reporter-output>
  <suite started-at="2025-04-16T23:02:32 IST" name="Suite" finished-at="2025-04-16T23:04:08 IST" duration-ms="96256">
    <groups>
      <group name="cucumber">
        <method signature="AbstractTestNGCucumberTests.runScenario(io.cucumber.testng.PickleWrapper,io.cucumber.testng.FeatureWrapper)[pri:0, instance:runner.Runner@9f116cc]" name="runScenario" class="io.cucumber.testng.AbstractTestNGCucumberTests"/>
      </group> <!-- cucumber -->
    </groups>
    <test started-at="2025-04-16T23:02:32 IST" name="Test" finished-at="2025-04-16T23:04:08 IST" duration-ms="96256">
      <class name="runner.Runner">
        <test-method is-config="true" signature="setUpClass(org.testng.ITestContext)[pri:0, instance:runner.Runner@9f116cc]" started-at="2025-04-16T23:02:32 IST" name="setUpClass" finished-at="2025-04-16T23:02:33 IST" duration-ms="1163" status="PASS">
          <params>
            <param index="0">
              <value>
                <![CDATA[org.testng.TestRunner@5e193ef5]]>
              </value>
            </param>
          </params>
          <reporter-output>
          </reporter-output>
        </test-method> <!-- setUpClass -->
        <test-method signature="runScenario(io.cucumber.testng.PickleWrapper,io.cucumber.testng.FeatureWrapper)[pri:0, instance:runner.Runner@9f116cc]" started-at="2025-04-16T23:02:33 IST" name="runScenario" description="Runs Cucumber Scenarios" data-provider="scenarios" finished-at="2025-04-16T23:02:40 IST" duration-ms="7374" status="PASS">
          <params>
            <param index="0">
              <value>
                <![CDATA["Verify that Flipkart Explore plus button present on the page"]]>
              </value>
            </param>
            <param index="1">
              <value>
                <![CDATA["Homepage"]]>
              </value>
            </param>
          </params>
          <reporter-output>
          </reporter-output>
        </test-method> <!-- runScenario -->
        <test-method signature="runScenario(io.cucumber.testng.PickleWrapper,io.cucumber.testng.FeatureWrapper)[pri:0, instance:runner.Runner@9f116cc]" started-at="2025-04-16T23:02:40 IST" name="runScenario" description="Runs Cucumber Scenarios" data-provider="scenarios" finished-at="2025-04-16T23:02:46 IST" duration-ms="5745" status="PASS">
          <params>
            <param index="0">
              <value>
                <![CDATA["Verify that search field present on the page"]]>
              </value>
            </param>
            <param index="1">
              <value>
                <![CDATA["Homepage"]]>
              </value>
            </param>
          </params>
          <reporter-output>
          </reporter-output>
        </test-method> <!-- runScenario -->
        <test-method signature="runScenario(io.cucumber.testng.PickleWrapper,io.cucumber.testng.FeatureWrapper)[pri:0, instance:runner.Runner@9f116cc]" started-at="2025-04-16T23:02:46 IST" name="runScenario" description="Runs Cucumber Scenarios" data-provider="scenarios" finished-at="2025-04-16T23:02:52 IST" duration-ms="6320" status="PASS">
          <params>
            <param index="0">
              <value>
                <![CDATA["Verify that login dropdown present on the page"]]>
              </value>
            </param>
            <param index="1">
              <value>
                <![CDATA["Homepage"]]>
              </value>
            </param>
          </params>
          <reporter-output>
          </reporter-output>
        </test-method> <!-- runScenario -->
        <test-method signature="runScenario(io.cucumber.testng.PickleWrapper,io.cucumber.testng.FeatureWrapper)[pri:0, instance:runner.Runner@9f116cc]" started-at="2025-04-16T23:02:52 IST" name="runScenario" description="Runs Cucumber Scenarios" data-provider="scenarios" finished-at="2025-04-16T23:02:59 IST" duration-ms="7220" status="PASS">
          <params>
            <param index="0">
              <value>
                <![CDATA["Verify that Cart button present on the page"]]>
              </value>
            </param>
            <param index="1">
              <value>
                <![CDATA["Homepage"]]>
              </value>
            </param>
          </params>
          <reporter-output>
          </reporter-output>
        </test-method> <!-- runScenario -->
        <test-method signature="runScenario(io.cucumber.testng.PickleWrapper,io.cucumber.testng.FeatureWrapper)[pri:0, instance:runner.Runner@9f116cc]" started-at="2025-04-16T23:02:59 IST" name="runScenario" description="Runs Cucumber Scenarios" data-provider="scenarios" finished-at="2025-04-16T23:03:07 IST" duration-ms="7936" status="PASS">
          <params>
            <param index="0">
              <value>
                <![CDATA["Verify that Become a seller button present on the page"]]>
              </value>
            </param>
            <param index="1">
              <value>
                <![CDATA["Homepage"]]>
              </value>
            </param>
          </params>
          <reporter-output>
          </reporter-output>
        </test-method> <!-- runScenario -->
        <test-method signature="runScenario(io.cucumber.testng.PickleWrapper,io.cucumber.testng.FeatureWrapper)[pri:0, instance:runner.Runner@9f116cc]" started-at="2025-04-16T23:03:07 IST" name="runScenario" description="Runs Cucumber Scenarios" data-provider="scenarios" finished-at="2025-04-16T23:03:14 IST" duration-ms="7017" status="PASS">
          <params>
            <param index="0">
              <value>
                <![CDATA["Verify that more help list dropdown present on the page"]]>
              </value>
            </param>
            <param index="1">
              <value>
                <![CDATA["Homepage"]]>
              </value>
            </param>
          </params>
          <reporter-output>
          </reporter-output>
        </test-method> <!-- runScenario -->
        <test-method signature="runScenario(io.cucumber.testng.PickleWrapper,io.cucumber.testng.FeatureWrapper)[pri:0, instance:runner.Runner@9f116cc]" started-at="2025-04-16T23:03:14 IST" name="runScenario" description="Runs Cucumber Scenarios" data-provider="scenarios" finished-at="2025-04-16T23:03:35 IST" duration-ms="20383" status="PASS">
          <params>
            <param index="0">
              <value>
                <![CDATA["Verify that Cart page opened when user clicks on Cart button"]]>
              </value>
            </param>
            <param index="1">
              <value>
                <![CDATA["Homepage"]]>
              </value>
            </param>
          </params>
          <reporter-output>
          </reporter-output>
        </test-method> <!-- runScenario -->
        <test-method signature="runScenario(io.cucumber.testng.PickleWrapper,io.cucumber.testng.FeatureWrapper)[pri:0, instance:runner.Runner@9f116cc]" started-at="2025-04-16T23:03:35 IST" name="runScenario" description="Runs Cucumber Scenarios" data-provider="scenarios" finished-at="2025-04-16T23:03:45 IST" duration-ms="10045" status="PASS">
          <params>
            <param index="0">
              <value>
                <![CDATA["Verify that Seller page page opened when user clicks on Become a Seller button"]]>
              </value>
            </param>
            <param index="1">
              <value>
                <![CDATA["Homepage"]]>
              </value>
            </param>
          </params>
          <reporter-output>
          </reporter-output>
        </test-method> <!-- runScenario -->
        <test-method signature="runScenario(io.cucumber.testng.PickleWrapper,io.cucumber.testng.FeatureWrapper)[pri:0, instance:runner.Runner@9f116cc]" started-at="2025-04-16T23:03:45 IST" name="runScenario" description="Runs Cucumber Scenarios" data-provider="scenarios" finished-at="2025-04-16T23:03:52 IST" duration-ms="6846" status="PASS">
          <params>
            <param index="0">
              <value>
                <![CDATA["Verify that More Help List Dropdown options are displayed"]]>
              </value>
            </param>
            <param index="1">
              <value>
                <![CDATA["Homepage"]]>
              </value>
            </param>
          </params>
          <reporter-output>
          </reporter-output>
        </test-method> <!-- runScenario -->
        <test-method signature="runScenario(io.cucumber.testng.PickleWrapper,io.cucumber.testng.FeatureWrapper)[pri:0, instance:runner.Runner@9f116cc]" started-at="2025-04-16T23:03:52 IST" name="runScenario" description="Runs Cucumber Scenarios" data-provider="scenarios" finished-at="2025-04-16T23:03:57 IST" duration-ms="5499" status="PASS">
          <params>
            <param index="0">
              <value>
                <![CDATA["Verify that Login options are displayed"]]>
              </value>
            </param>
            <param index="1">
              <value>
                <![CDATA["Homepage"]]>
              </value>
            </param>
          </params>
          <reporter-output>
          </reporter-output>
        </test-method> <!-- runScenario -->
        <test-method signature="runScenario(io.cucumber.testng.PickleWrapper,io.cucumber.testng.FeatureWrapper)[pri:0, instance:runner.Runner@9f116cc]" started-at="2025-04-16T23:03:57 IST" name="runScenario" description="Runs Cucumber Scenarios" data-provider="scenarios" finished-at="2025-04-16T23:04:05 IST" duration-ms="7997" status="PASS">
          <params>
            <param index="0">
              <value>
                <![CDATA["Verify that Mobiles get searched when user search Mobile in the search box"]]>
              </value>
            </param>
            <param index="1">
              <value>
                <![CDATA["Homepage"]]>
              </value>
            </param>
          </params>
          <reporter-output>
          </reporter-output>
        </test-method> <!-- runScenario -->
        <test-method is-config="true" signature="tearDownClass()[pri:0, instance:runner.Runner@9f116cc]" started-at="2025-04-16T23:04:05 IST" name="tearDownClass" finished-at="2025-04-16T23:04:08 IST" duration-ms="2590" status="PASS">
          <reporter-output>
          </reporter-output>
        </test-method> <!-- tearDownClass -->
      </class> <!-- runner.Runner -->
    </test> <!-- Test -->
  </suite> <!-- Suite -->
</testng-results>
