<?xml version="1.0" encoding="UTF-8"?>
<testsuite xmlns:xsi="http://www.w3.org/2001/XMLSchema-instance" xsi:noNamespaceSchemaLocation="https://maven.apache.org/surefire/maven-surefire-plugin/xsd/surefire-test-report-3.0.xsd" version="3.0" name="TestSuite" time="60.356" tests="8" errors="0" skipped="0" failures="0">
  <properties>
[...]
</properties>
  <testcase name="runScenario[&quot;Verify that Login pages open when user clicks on Login button&quot;, &quot;Signup and login page&quot;](1)" classname="runner.Runner" time="5.353">
    <system-out><![CDATA[
Scenario: Verify that Login pages open when user clicks on Login button # src/test/resources/features/loginPage.feature:3
  Given user is on Login page                                           # stepDefinations.LoginPageTest.user_is_on_login_page()
  Then Login page should open                                           # stepDefinations.LoginPageTest.login_page_should_open()
]]></system-out>
    <system-err><![CDATA[SLF4J: Failed to load class "org.slf4j.impl.StaticLoggerBinder".
SLF4J: Defaulting to no-operation (NOP) logger implementation
SLF4J: See http://www.slf4j.org/codes.html#StaticLoggerBinder for further details.
Apr 19, 2025 8:46:36 PM org.openqa.selenium.devtools.CdpVersionFinder findNearestMatch
WARNING: Unable to find an exact match for CDP version 135, returning the closest version; found: 132; Please update to a Selenium version that supports CDP version 135
]]></system-err>
  </testcase>
  <testcase name="runScenario[&quot;Verify that Email or mobile number field is present on the Login page&quot;, &quot;Signup and login page&quot;](2)" classname="runner.Runner" time="8.894">
    <system-out><![CDATA[
Scenario: Verify that Email or mobile number field is present on the Login page # src/test/resources/features/loginPage.feature:7
  Given user is on Login page                                                   # stepDefinations.LoginPageTest.user_is_on_login_page()
  Then Email or Mobile number field should present on the Login page            # stepDefinations.LoginPageTest.email_or_mobile_number_field_should_present_on_the_login_page()
]]></system-out>
    <system-err><![CDATA[Apr 19, 2025 8:46:40 PM org.openqa.selenium.devtools.CdpVersionFinder findNearestMatch
WARNING: Unable to find an exact match for CDP version 135, returning the closest version; found: 132; Please update to a Selenium version that supports CDP version 135
]]></system-err>
  </testcase>
  <testcase name="runScenario[&quot;Verify that Request OTP button is enabled on the Login page&quot;, &quot;Signup and login page&quot;](3)" classname="runner.Runner" time="3.904">
    <system-out><![CDATA[
Scenario: Verify that Request OTP button is enabled on the Login page # src/test/resources/features/loginPage.feature:11
  Given user is on Login page                                         # stepDefinations.LoginPageTest.user_is_on_login_page()
  Then Request OTP button should be enabled                           # stepDefinations.LoginPageTest.request_otp_button_should_be_enabled()
]]></system-out>
    <system-err><![CDATA[Apr 19, 2025 8:46:49 PM org.openqa.selenium.devtools.CdpVersionFinder findNearestMatch
WARNING: Unable to find an exact match for CDP version 135, returning the closest version; found: 132; Please update to a Selenium version that supports CDP version 135
]]></system-err>
  </testcase>
  <testcase name="runScenario[&quot;Verify that Terms of Use and Privacy Policy links are present on the Login page&quot;, &quot;Signup and login page&quot;](4)" classname="runner.Runner" time="5.987">
    <system-out><![CDATA[
Scenario: Verify that Terms of Use and Privacy Policy links are present on the Login page # src/test/resources/features/loginPage.feature:16
  Given user is on Login page                                                             # stepDefinations.LoginPageTest.user_is_on_login_page()
  Then Terms of Use and Privacy Policy links should present on the Login page             # stepDefinations.LoginPageTest.terms_of_use_and_privacy_policy_links_should_present_on_the_login_page()
]]></system-out>
    <system-err><![CDATA[Apr 19, 2025 8:46:53 PM org.openqa.selenium.devtools.CdpVersionFinder findNearestMatch
WARNING: Unable to find an exact match for CDP version 135, returning the closest version; found: 132; Please update to a Selenium version that supports CDP version 135
]]></system-err>
  </testcase>
  <testcase name="runScenario[&quot;Verify that Terms of Use page opened when user clicks on the Terms of Use link&quot;, &quot;Signup and login page&quot;](5)" classname="runner.Runner" time="9.057">
    <system-out><![CDATA[
Scenario: Verify that Terms of Use page opened when user clicks on the Terms of Use link # src/test/resources/features/loginPage.feature:21
  Given user is on Login page                                                            # stepDefinations.LoginPageTest.user_is_on_login_page()
  When user click on Terms of Use link                                                   # stepDefinations.LoginPageTest.user_click_on_terms_of_use_link()
  Then Terms page should open                                                            # stepDefinations.LoginPageTest.terms_page_should_open()
]]></system-out>
    <system-err><![CDATA[Apr 19, 2025 8:46:59 PM org.openqa.selenium.devtools.CdpVersionFinder findNearestMatch
WARNING: Unable to find an exact match for CDP version 135, returning the closest version; found: 132; Please update to a Selenium version that supports CDP version 135
]]></system-err>
  </testcase>
  <testcase name="runScenario[&quot;Verify that Privacy Policy page opened when user clicks on the Privacy Policy link&quot;, &quot;Signup and login page&quot;](6)" classname="runner.Runner" time="8.852">
    <system-out><![CDATA[
Scenario: Verify that Privacy Policy page opened when user clicks on the Privacy Policy link # src/test/resources/features/loginPage.feature:27
  Given user is on Login page                                                                # stepDefinations.LoginPageTest.user_is_on_login_page()
  When user click on Privacy Policy link                                                     # stepDefinations.LoginPageTest.user_click_on_privacy_policy_link()
  Then Privacy Policy page should open                                                       # stepDefinations.LoginPageTest.privacy_policy_page_should_open()
]]></system-out>
    <system-err><![CDATA[Apr 19, 2025 8:47:08 PM org.openqa.selenium.devtools.CdpVersionFinder findNearestMatch
WARNING: Unable to find an exact match for CDP version 135, returning the closest version; found: 132; Please update to a Selenium version that supports CDP version 135
]]></system-err>
  </testcase>
  <testcase name="runScenario[&quot;Verify that error displayed when user enters eleven digit mobile number&quot;, &quot;Signup and login page&quot;](7)" classname="runner.Runner" time="8.022">
    <system-out><![CDATA[
Scenario: Verify that error displayed when user enters eleven digit mobile number # src/test/resources/features/loginPage.feature:33
  Given user is on Login page                                                     # stepDefinations.LoginPageTest.user_is_on_login_page()
  And enters "11111111111" digit mobile number                                    # stepDefinations.LoginPageTest.enters_digit_mobile_number(java.lang.String)
  And click on Request OTP button                                                 # stepDefinations.LoginPageTest.click_on_request_otp_button()
  Then error should display                                                       # stepDefinations.LoginPageTest.error_should_display()
]]></system-out>
    <system-err><![CDATA[Apr 19, 2025 8:47:17 PM org.openqa.selenium.devtools.CdpVersionFinder findNearestMatch
WARNING: Unable to find an exact match for CDP version 135, returning the closest version; found: 132; Please update to a Selenium version that supports CDP version 135
]]></system-err>
  </testcase>
  <testcase name="runScenario[&quot;Verify that Sign Up interface opens when user clicks on New to Flipkart button&quot;, &quot;Signup and login page&quot;](8)" classname="runner.Runner" time="6.93">
    <system-out><![CDATA[
Scenario: Verify that Sign Up interface opens when user clicks on New to Flipkart button # src/test/resources/features/loginPage.feature:40
  Given user is on Login page                                                            # stepDefinations.LoginPageTest.user_is_on_login_page()
  When user clicks on New to Flipkart button                                             # stepDefinations.LoginPageTest.user_clicks_on_new_to_flipkart_button()
  Then Sign Up interface should open                                                     # stepDefinations.LoginPageTest.sign_up_interface_should_open()
  And Continue button should displayed                                                   # stepDefinations.LoginPageTest.continue_button_should_displayed()
  And Existing User Log in button should displayed                                       # stepDefinations.LoginPageTest.existing_user_log_in_button_should_displayed()
]]></system-out>
    <system-err><![CDATA[Apr 19, 2025 8:47:25 PM org.openqa.selenium.devtools.CdpVersionFinder findNearestMatch
WARNING: Unable to find an exact match for CDP version 135, returning the closest version; found: 132; Please update to a Selenium version that supports CDP version 135
]]></system-err>
  </testcase>
</testsuite>